<?xml version="1.0" encoding="UTF-8"?>
<!-- Generated by org.testng.reporters.JUnitReportReporter -->
<testsuite hostname="Vicky-PC" failures="0" tests="1" name="Test.SimpleAdd" time="6.960" errors="0" timestamp="2021-12-07T16:41:39 IST" skipped="0">
  <testcase classname="Test.SimpleAdd" name="Add" time="6.960"/>
  <system-out/>
</testsuite> <!-- Test.SimpleAdd -->
