<?xml version="1.0" encoding="UTF-8"?>
<!-- Generated by org.testng.reporters.JUnitReportReporter -->
<testsuite hostname="Vicky-PC" failures="0" tests="1" name="Test.SimpleDiv" time="5.937" errors="0" timestamp="2021-12-07T16:41:39 IST" skipped="0">
  <testcase classname="Test.SimpleDiv" name="Div" time="5.937"/>
  <system-out/>
</testsuite> <!-- Test.SimpleDiv -->
